<?xml version="1.0" encoding="UTF-8"?>
<!-- Generated by org.testng.reporters.JUnitReportReporter -->
<testsuite hostname="system11" name="DriverFactory.DriverScript" tests="1" failures="0" timestamp="9 Jan 2020 12:41:46 GMT" time="32.199" errors="0">
  <testcase name="ERP_Account" time="32.199" classname="DriverFactory.DriverScript"/>
</testsuite> <!-- DriverFactory.DriverScript -->
