<?xml version="1.0" encoding="UTF-8"?>
<!-- Generated by org.testng.reporters.JUnitReportReporter -->
<testsuite skipped="0" hostname="system11" name="DriverFactory.AppTest" tests="1" failures="0" timestamp="07 Jan 2020 12:31:09 GMT" time="66.956" errors="0">
  <testcase name="startTest" time="66.956" classname="DriverFactory.AppTest"/>
</testsuite> <!-- DriverFactory.AppTest -->
